#
# There is insufficient memory for the Java Runtime Environment to continue.
# Native memory allocation (malloc) failed to allocate 36176 bytes for Chunk::new
# Possible reasons:
#   The system is out of physical RAM or swap space
#   In 32 bit mode, the process size limit was hit
# Possible solutions:
#   Reduce memory load on the system
#   Increase physical memory or swap space
#   Check if swap backing store is full
#   Use 64 bit Java on a 64 bit OS
#   Decrease Java heap size (-Xmx/-Xms)
#   Decrease number of Java threads
#   Decrease Java thread stack sizes (-Xss)
#   Set larger code cache with -XX:ReservedCodeCacheSize=
# This output file may be truncated or incomplete.
#
#  Out of Memory Error (allocation.cpp:390), pid=42944, tid=0x00000000000087d4
#
# JRE version: Java(TM) SE Runtime Environment (8.0_191-b12) (build 1.8.0_191-b12)
# Java VM: Java HotSpot(TM) 64-Bit Server VM (25.191-b12 mixed mode windows-amd64 compressed oops)
# Failed to write core dump. Minidumps are not enabled by default on client versions of Windows
#

---------------  T H R E A D  ---------------

Current thread (0x000000001ba79800):  JavaThread "C2 CompilerThread0" daemon [_thread_in_native, id=34772, stack(0x000000001d0c0000,0x000000001d1c0000)]

Stack: [0x000000001d0c0000,0x000000001d1c0000]
[error occurred during error reporting (printing stack bounds), id 0xc0000005]

Native frames: (J=compiled Java code, j=interpreted, Vv=VM code, C=native code)


Current CompileTask:
C2:  20053 5637       4       org.apache.xmlbeans.impl.store.Saver$FragSaveCur::next (207 bytes)


---------------  P R O C E S S  ---------------

Java Threads: ( => current thread )
  0x000000001d3f8800 JavaThread "Service Thread" daemon [_thread_blocked, id=21488, stack(0x000000001d7c0000,0x000000001d8c0000)]
  0x000000001ba83800 JavaThread "C1 CompilerThread2" daemon [_thread_blocked, id=33124, stack(0x000000001d2c0000,0x000000001d3c0000)]
  0x000000001ba80800 JavaThread "C2 CompilerThread1" daemon [_thread_in_native, id=42568, stack(0x000000001d1c0000,0x000000001d2c0000)]
=>0x000000001ba79800 JavaThread "C2 CompilerThread0" daemon [_thread_in_native, id=34772, stack(0x000000001d0c0000,0x000000001d1c0000)]
  0x000000001ba75800 JavaThread "Attach Listener" daemon [_thread_blocked, id=13816, stack(0x000000001cfc0000,0x000000001d0c0000)]
  0x000000001ba74800 JavaThread "Signal Dispatcher" daemon [_thread_blocked, id=42592, stack(0x000000001cec0000,0x000000001cfc0000)]
  0x000000001ba52800 JavaThread "Finalizer" daemon [_thread_blocked, id=29692, stack(0x000000001ccc0000,0x000000001cdc0000)]
  0x000000001ba4a000 JavaThread "Reference Handler" daemon [_thread_blocked, id=21912, stack(0x000000001cbc0000,0x000000001ccc0000)]
  0x00000000023cd000 JavaThread "main" [_thread_in_native, id=25076, stack(0x00000000022c0000,0x00000000023c0000)]

Other Threads:
  0x000000001ba28000 VMThread [stack: 0x000000001cac0000,0x000000001cbc0000] [id=4456]
  0x000000001babe000 WatcherThread [stack: 0x000000001d8c0000,0x000000001d9c0000] [id=9948]

VM state:not at safepoint (normal execution)

VM Mutex/Monitor currently owned by a thread: None

Heap:
 PSYoungGen      total 206848K, used 73248K [0x000000076b580000, 0x000000077b100000, 0x00000007c0000000)
  eden space 188928K, 32% used [0x000000076b580000,0x000000076f1e7160,0x0000000776e00000)
  from space 17920K, 63% used [0x0000000776e00000,0x0000000777921188,0x0000000777f80000)
  to   space 17920K, 0% used [0x0000000779f80000,0x0000000779f80000,0x000000077b100000)
 ParOldGen       total 111104K, used 11357K [0x00000006c2000000, 0x00000006c8c80000, 0x000000076b580000)
  object space 111104K, 10% used [0x00000006c2000000,0x00000006c2b17718,0x00000006c8c80000)
 Metaspace       used 26364K, capacity 26772K, committed 26880K, reserved 1073152K
  class space    used 3199K, capacity 3328K, committed 3328K, reserved 1048576K

Card table byte_map: [0x0000000011880000,0x0000000012080000] byte_map_base: 0x000000000e270000

Marking Bits: (ParMarkBitMap*) 0x0000000073153e30
 Begin Bits: [0x00000000129d0000, 0x0000000016950000)
 End Bits:   [0x0000000016950000, 0x000000001a8d0000)

Polling page: 0x00000000009d0000

CodeCache: size=245760Kb used=16915Kb max_used=17091Kb free=228844Kb
 bounds [0x00000000024c0000, 0x0000000003590000, 0x00000000114c0000]
 total_blobs=5394 nmethods=4976 adapters=330
 compilation: enabled

Compilation events (10 events):
Event: 19.995 Thread 0x000000001ba79800 nmethod 5621 0x0000000002b8a650 code [0x0000000002b8a7a0, 0x0000000002b8a918]
Event: 19.995 Thread 0x000000001ba79800 5634       4       com.sun.org.apache.xerces.internal.impl.XMLEntityScanner::scanContent (690 bytes)
Event: 20.013 Thread 0x000000001ba79800 nmethod 5634 0x0000000002ebd250 code [0x0000000002ebd3e0, 0x0000000002ebdbb0]
Event: 20.013 Thread 0x000000001ba79800 5635       4       com.sun.org.apache.xerces.internal.impl.XMLEntityScanner::skipSpaces (350 bytes)
Event: 20.024 Thread 0x000000001ba79800 nmethod 5635 0x0000000002d8ef50 code [0x0000000002d8f100, 0x0000000002d8f790]
Event: 20.024 Thread 0x000000001ba79800 5616   !   4       java.net.URI::encode (142 bytes)
Event: 20.027 Thread 0x000000001ba79800 nmethod 5616 0x0000000002d9a610 code [0x0000000002d9a760, 0x0000000002d9a978]
Event: 20.027 Thread 0x000000001ba79800 5611       4       com.sun.org.apache.xerces.internal.impl.XMLEntityScanner::peekChar (63 bytes)
Event: 20.028 Thread 0x000000001ba79800 nmethod 5611 0x0000000002b8a250 code [0x0000000002b8a3a0, 0x0000000002b8a4e8]
Event: 20.028 Thread 0x000000001ba79800 5637       4       org.apache.xmlbeans.impl.store.Saver$FragSaveCur::next (207 bytes)

GC Heap History (10 events):
Event: 10.259 GC heap before
{Heap before GC invocations=8 (full 1):
 PSYoungGen      total 141824K, used 132448K [0x000000076b580000, 0x0000000776f80000, 0x00000007c0000000)
  eden space 128512K, 100% used [0x000000076b580000,0x0000000773300000,0x0000000773300000)
  from space 13312K, 29% used [0x0000000774000000,0x00000007743d8010,0x0000000774d00000)
  to   space 13312K, 0% used [0x0000000773300000,0x0000000773300000,0x0000000774000000)
 ParOldGen       total 111104K, used 8853K [0x00000006c2000000, 0x00000006c8c80000, 0x000000076b580000)
  object space 111104K, 7% used [0x00000006c2000000,0x00000006c28a5718,0x00000006c8c80000)
 Metaspace       used 25916K, capacity 26344K, committed 26624K, reserved 1073152K
  class space    used 3193K, capacity 3322K, committed 3328K, reserved 1048576K
Event: 10.268 GC heap after
Heap after GC invocations=8 (full 1):
 PSYoungGen      total 141824K, used 6304K [0x000000076b580000, 0x0000000777200000, 0x00000007c0000000)
  eden space 128512K, 0% used [0x000000076b580000,0x000000076b580000,0x0000000773300000)
  from space 13312K, 47% used [0x0000000773300000,0x0000000773928010,0x0000000774000000)
  to   space 12800K, 0% used [0x0000000776580000,0x0000000776580000,0x0000000777200000)
 ParOldGen       total 111104K, used 8861K [0x00000006c2000000, 0x00000006c8c80000, 0x000000076b580000)
  object space 111104K, 7% used [0x00000006c2000000,0x00000006c28a7718,0x00000006c8c80000)
 Metaspace       used 25916K, capacity 26344K, committed 26624K, reserved 1073152K
  class space    used 3193K, capacity 3322K, committed 3328K, reserved 1048576K
}
Event: 11.963 GC heap before
{Heap before GC invocations=9 (full 1):
 PSYoungGen      total 141824K, used 134816K [0x000000076b580000, 0x0000000777200000, 0x00000007c0000000)
  eden space 128512K, 100% used [0x000000076b580000,0x0000000773300000,0x0000000773300000)
  from space 13312K, 47% used [0x0000000773300000,0x0000000773928010,0x0000000774000000)
  to   space 12800K, 0% used [0x0000000776580000,0x0000000776580000,0x0000000777200000)
 ParOldGen       total 111104K, used 8861K [0x00000006c2000000, 0x00000006c8c80000, 0x000000076b580000)
  object space 111104K, 7% used [0x00000006c2000000,0x00000006c28a7718,0x00000006c8c80000)
 Metaspace       used 26001K, capacity 26408K, committed 26624K, reserved 1073152K
  class space    used 3194K, capacity 3322K, committed 3328K, reserved 1048576K
Event: 11.973 GC heap after
Heap after GC invocations=9 (full 1):
 PSYoungGen      total 175104K, used 9681K [0x000000076b580000, 0x0000000777000000, 0x00000007c0000000)
  eden space 164352K, 0% used [0x000000076b580000,0x000000076b580000,0x0000000775600000)
  from space 10752K, 90% used [0x0000000776580000,0x0000000776ef46e0,0x0000000777000000)
  to   space 13312K, 0% used [0x0000000775600000,0x0000000775600000,0x0000000776300000)
 ParOldGen       total 111104K, used 8869K [0x00000006c2000000, 0x00000006c8c80000, 0x000000076b580000)
  object space 111104K, 7% used [0x00000006c2000000,0x00000006c28a9718,0x00000006c8c80000)
 Metaspace       used 26001K, capacity 26408K, committed 26624K, reserved 1073152K
  class space    used 3194K, capacity 3322K, committed 3328K, reserved 1048576K
}
Event: 14.259 GC heap before
{Heap before GC invocations=10 (full 1):
 PSYoungGen      total 175104K, used 174033K [0x000000076b580000, 0x0000000777000000, 0x00000007c0000000)
  eden space 164352K, 100% used [0x000000076b580000,0x0000000775600000,0x0000000775600000)
  from space 10752K, 90% used [0x0000000776580000,0x0000000776ef46e0,0x0000000777000000)
  to   space 13312K, 0% used [0x0000000775600000,0x0000000775600000,0x0000000776300000)
 ParOldGen       total 111104K, used 8869K [0x00000006c2000000, 0x00000006c8c80000, 0x000000076b580000)
  object space 111104K, 7% used [0x00000006c2000000,0x00000006c28a9718,0x00000006c8c80000)
 Metaspace       used 26081K, capacity 26472K, committed 26624K, reserved 1073152K
  class space    used 3194K, capacity 3322K, committed 3328K, reserved 1048576K
Event: 14.278 GC heap after
Heap after GC invocations=10 (full 1):
 PSYoungGen      total 177664K, used 13297K [0x000000076b580000, 0x0000000778e80000, 0x00000007c0000000)
  eden space 164352K, 0% used [0x000000076b580000,0x000000076b580000,0x0000000775600000)
  from space 13312K, 99% used [0x0000000775600000,0x00000007762fc700,0x0000000776300000)
  to   space 15360K, 0% used [0x0000000777f80000,0x0000000777f80000,0x0000000778e80000)
 ParOldGen       total 111104K, used 9573K [0x00000006c2000000, 0x00000006c8c80000, 0x000000076b580000)
  object space 111104K, 8% used [0x00000006c2000000,0x00000006c2959718,0x00000006c8c80000)
 Metaspace       used 26081K, capacity 26472K, committed 26624K, reserved 1073152K
  class space    used 3194K, capacity 3322K, committed 3328K, reserved 1048576K
}
Event: 15.941 GC heap before
{Heap before GC invocations=11 (full 1):
 PSYoungGen      total 177664K, used 177649K [0x000000076b580000, 0x0000000778e80000, 0x00000007c0000000)
  eden space 164352K, 100% used [0x000000076b580000,0x0000000775600000,0x0000000775600000)
  from space 13312K, 99% used [0x0000000775600000,0x00000007762fc700,0x0000000776300000)
  to   space 15360K, 0% used [0x0000000777f80000,0x0000000777f80000,0x0000000778e80000)
 ParOldGen       total 111104K, used 9573K [0x00000006c2000000, 0x00000006c8c80000, 0x000000076b580000)
  object space 111104K, 8% used [0x00000006c2000000,0x00000006c2959718,0x00000006c8c80000)
 Metaspace       used 26122K, capacity 26536K, committed 26624K, reserved 1073152K
  class space    used 3194K, capacity 3322K, committed 3328K, reserved 1048576K
Event: 15.971 GC heap after
Heap after GC invocations=11 (full 1):
 PSYoungGen      total 204288K, used 15340K [0x000000076b580000, 0x0000000779780000, 0x00000007c0000000)
  eden space 188928K, 0% used [0x000000076b580000,0x000000076b580000,0x0000000776e00000)
  from space 15360K, 99% used [0x0000000777f80000,0x0000000778e7b240,0x0000000778e80000)
  to   space 17920K, 0% used [0x0000000776e00000,0x0000000776e00000,0x0000000777f80000)
 ParOldGen       total 111104K, used 11357K [0x00000006c2000000, 0x00000006c8c80000, 0x000000076b580000)
  object space 111104K, 10% used [0x00000006c2000000,0x00000006c2b17718,0x00000006c8c80000)
 Metaspace       used 26122K, capacity 26536K, committed 26624K, reserved 1073152K
  class space    used 3194K, capacity 3322K, committed 3328K, reserved 1048576K
}
Event: 19.252 GC heap before
{Heap before GC invocations=12 (full 1):
 PSYoungGen      total 204288K, used 204268K [0x000000076b580000, 0x0000000779780000, 0x00000007c0000000)
  eden space 188928K, 100% used [0x000000076b580000,0x0000000776e00000,0x0000000776e00000)
  from space 15360K, 99% used [0x0000000777f80000,0x0000000778e7b240,0x0000000778e80000)
  to   space 17920K, 0% used [0x0000000776e00000,0x0000000776e00000,0x0000000777f80000)
 ParOldGen       total 111104K, used 11357K [0x00000006c2000000, 0x00000006c8c80000, 0x000000076b580000)
  object space 111104K, 10% used [0x00000006c2000000,0x00000006c2b17718,0x00000006c8c80000)
 Metaspace       used 26316K, capacity 26766K, committed 26880K, reserved 1073152K
  class space    used 3198K, capacity 3327K, committed 3328K, reserved 1048576K
Event: 19.271 GC heap after
Heap after GC invocations=12 (full 1):
 PSYoungGen      total 206848K, used 11396K [0x000000076b580000, 0x000000077b100000, 0x00000007c0000000)
  eden space 188928K, 0% used [0x000000076b580000,0x000000076b580000,0x0000000776e00000)
  from space 17920K, 63% used [0x0000000776e00000,0x0000000777921188,0x0000000777f80000)
  to   space 17920K, 0% used [0x0000000779f80000,0x0000000779f80000,0x000000077b100000)
 ParOldGen       total 111104K, used 11357K [0x00000006c2000000, 0x00000006c8c80000, 0x000000076b580000)
  object space 111104K, 10% used [0x00000006c2000000,0x00000006c2b17718,0x00000006c8c80000)
 Metaspace       used 26316K, capacity 26766K, committed 26880K, reserved 1073152K
  class space    used 3198K, capacity 3327K, committed 3328K, reserved 1048576K
}

Deoptimization events (10 events):
Event: 17.923 Thread 0x00000000023cd000 Uncommon trap: reason=class_check action=maybe_recompile pc=0x0000000003037454 method=org.apache.xmlbeans.impl.store.CharUtil.getChars([CILjava/lang/Object;II)V @ 88
Event: 17.939 Thread 0x00000000023cd000 Uncommon trap: reason=bimorphic action=maybe_recompile pc=0x0000000003036b0c method=org.apache.xmlbeans.impl.store.Saver.process()Z @ 62
Event: 17.939 Thread 0x00000000023cd000 Uncommon trap: reason=bimorphic action=maybe_recompile pc=0x0000000003036b0c method=org.apache.xmlbeans.impl.store.Saver.process()Z @ 62
Event: 17.939 Thread 0x00000000023cd000 Uncommon trap: reason=bimorphic action=maybe_recompile pc=0x0000000003036b0c method=org.apache.xmlbeans.impl.store.Saver.process()Z @ 62
Event: 17.939 Thread 0x00000000023cd000 Uncommon trap: reason=bimorphic action=maybe_recompile pc=0x0000000003036b0c method=org.apache.xmlbeans.impl.store.Saver.process()Z @ 62
Event: 18.434 Thread 0x00000000023cd000 Uncommon trap: reason=unstable_if action=reinterpret pc=0x0000000003135cc4 method=org.jf.dexlib2.util.TypeUtils.isWideType(Ljava/lang/String;)Z @ 15
Event: 19.154 Thread 0x00000000023cd000 Uncommon trap: reason=unstable_if action=reinterpret pc=0x0000000003417ae8 method=grammar.parser.Parser.enterMoveResultObjectInstruction(Lgrammar/parser/grammar/SmaliParser$MoveResultObjectInstructionContext;)V @ 232
Event: 19.860 Thread 0x00000000023cd000 Uncommon trap: reason=class_check action=maybe_recompile pc=0x00000000031cb0b0 method=org.antlr.v4.runtime.DefaultErrorStrategy.sync(Lorg/antlr/v4/runtime/Parser;)V @ 115
Event: 19.881 Thread 0x00000000023cd000 Uncommon trap: reason=unstable_if action=reinterpret pc=0x000000000277c118 method=org.antlr.v4.runtime.ParserRuleContext.getChild(Ljava/lang/Class;I)Lorg/antlr/v4/runtime/tree/ParseTree; @ 4
Event: 19.881 Thread 0x00000000023cd000 Uncommon trap: reason=null_check action=make_not_entrant pc=0x000000000342a8cc method=grammar.parser.grammar.SmaliParser$MethodInvocationTargetContext.methodSignature()Lgrammar/parser/grammar/SmaliParser$MethodSignatureContext; @ 7

Classes redefined (0 events):
No events

Internal exceptions (10 events):
Event: 6.176 Thread 0x00000000023cd000 Exception <a 'java/lang/ArrayIndexOutOfBoundsException'> (0x000000076ef6bed8) thrown at [C:\re\workspace\8-2-build-windows-amd64-cygwin\jdk8u191\11896\hotspot\src\share\vm\runtime\sharedRuntime.cpp, line 605]
Event: 6.176 Thread 0x00000000023cd000 Exception <a 'java/lang/ArrayIndexOutOfBoundsException'> (0x000000076ef6cf88) thrown at [C:\re\workspace\8-2-build-windows-amd64-cygwin\jdk8u191\11896\hotspot\src\share\vm\runtime\sharedRuntime.cpp, line 605]
Event: 6.181 Thread 0x00000000023cd000 Exception <a 'java/lang/ArrayIndexOutOfBoundsException'> (0x000000076ef95330) thrown at [C:\re\workspace\8-2-build-windows-amd64-cygwin\jdk8u191\11896\hotspot\src\share\vm\runtime\sharedRuntime.cpp, line 605]
Event: 6.391 Thread 0x00000000023cd000 Implicit null exception at 0x00000000026ce199 to 0x00000000026ce56d
Event: 16.102 Thread 0x00000000023cd000 Implicit null exception at 0x0000000002a63350 to 0x0000000002a63381
Event: 17.919 Thread 0x00000000023cd000 Exception <a 'java/lang/ArrayIndexOutOfBoundsException'> (0x0000000771adf8f8) thrown at [C:\re\workspace\8-2-build-windows-amd64-cygwin\jdk8u191\11896\hotspot\src\share\vm\runtime\sharedRuntime.cpp, line 605]
Event: 18.154 Thread 0x00000000023cd000 Exception <a 'java/lang/ArrayIndexOutOfBoundsException'> (0x0000000772b92cd8) thrown at [C:\re\workspace\8-2-build-windows-amd64-cygwin\jdk8u191\11896\hotspot\src\share\vm\runtime\sharedRuntime.cpp, line 605]
Event: 19.881 Thread 0x00000000023cd000 Implicit null exception at 0x000000000277b6f2 to 0x000000000277c0fd
Event: 19.881 Thread 0x00000000023cd000 Implicit null exception at 0x0000000003421550 to 0x000000000342a8bd
Event: 19.952 Thread 0x00000000023cd000 Exception <a 'java/lang/ArrayIndexOutOfBoundsException'> (0x000000076edb4a48) thrown at [C:\re\workspace\8-2-build-windows-amd64-cygwin\jdk8u191\11896\hotspot\src\share\vm\runtime\sharedRuntime.cpp, line 605]

Events (10 events):
Event: 19.916 loading class org/apache/xerces/util/SecurityManager
Event: 19.916 loading class org/apache/xerces/util/SecurityManager done
Event: 19.935 loading class org/apache/xerces/util/SecurityManager
Event: 19.935 loading class org/apache/xerces/util/SecurityManager done
Event: 19.938 loading class org/apache/xerces/util/SecurityManager
Event: 19.938 loading class org/apache/xerces/util/SecurityManager done
Event: 19.941 loading class org/apache/xerces/util/SecurityManager
Event: 19.941 loading class org/apache/xerces/util/SecurityManager done
Event: 19.965 loading class org/apache/xerces/util/SecurityManager
Event: 19.965 loading class org/apache/xerces/util/SecurityManager done


Dynamic libraries:
0x00007ff717620000 - 0x00007ff717657000 	C:\Program Files\Java\jre1.8.0_162\bin\javaw.exe
0x00007ffba1090000 - 0x00007ffba1287000 	C:\WINDOWS\SYSTEM32\ntdll.dll
0x00007ffb9f720000 - 0x00007ffb9f7dd000 	C:\WINDOWS\System32\KERNEL32.DLL
0x00007ffb9ecc0000 - 0x00007ffb9ef8d000 	C:\WINDOWS\System32\KERNELBASE.dll
0x00007ffb9f860000 - 0x00007ffb9f90e000 	C:\WINDOWS\System32\ADVAPI32.dll
0x00007ffb9f0f0000 - 0x00007ffb9f18e000 	C:\WINDOWS\System32\msvcrt.dll
0x00007ffb9f670000 - 0x00007ffb9f70c000 	C:\WINDOWS\System32\sechost.dll
0x00007ffb9ffc0000 - 0x00007ffba00e5000 	C:\WINDOWS\System32\RPCRT4.dll
0x00007ffb9fc00000 - 0x00007ffb9fda0000 	C:\WINDOWS\System32\USER32.dll
0x00007ffb9e8b0000 - 0x00007ffb9e8d2000 	C:\WINDOWS\System32\win32u.dll
0x00007ffb9fbd0000 - 0x00007ffb9fbfa000 	C:\WINDOWS\System32\GDI32.dll
0x00007ffb9efe0000 - 0x00007ffb9f0eb000 	C:\WINDOWS\System32\gdi32full.dll
0x00007ffb9ec20000 - 0x00007ffb9ecbd000 	C:\WINDOWS\System32\msvcp_win.dll
0x00007ffb9e7b0000 - 0x00007ffb9e8b0000 	C:\WINDOWS\System32\ucrtbase.dll
0x00007ffb8c5a0000 - 0x00007ffb8c83a000 	C:\WINDOWS\WinSxS\amd64_microsoft.windows.common-controls_6595b64144ccf1df_6.0.19041.1110_none_60b5254171f9507e\COMCTL32.dll
0x00007ffba1020000 - 0x00007ffba1050000 	C:\WINDOWS\System32\IMM32.DLL
0x0000000072820000 - 0x00000000728f2000 	C:\Program Files\Java\jre1.8.0_162\jre\bin\msvcr100.dll
0x0000000072930000 - 0x00000000731d4000 	C:\Program Files\Java\jre1.8.0_162\jre\bin\server\jvm.dll
0x00007ffba0f60000 - 0x00007ffba0f68000 	C:\WINDOWS\System32\PSAPI.DLL
0x00007ffb970d0000 - 0x00007ffb970d9000 	C:\WINDOWS\SYSTEM32\WSOCK32.dll
0x00007ffb8e8e0000 - 0x00007ffb8e907000 	C:\WINDOWS\SYSTEM32\WINMM.dll
0x00007ffb9fda0000 - 0x00007ffb9fe0b000 	C:\WINDOWS\System32\WS2_32.dll
0x00007ffb91680000 - 0x00007ffb9168a000 	C:\WINDOWS\SYSTEM32\VERSION.dll
0x0000000074a20000 - 0x0000000074a2f000 	C:\Program Files\Java\jre1.8.0_162\jre\bin\verify.dll
0x00000000746f0000 - 0x0000000074719000 	C:\Program Files\Java\jre1.8.0_162\jre\bin\java.dll
0x00000000746d0000 - 0x00000000746e6000 	C:\Program Files\Java\jre1.8.0_162\jre\bin\zip.dll
0x00007ffba0450000 - 0x00007ffba0b94000 	C:\WINDOWS\System32\SHELL32.dll
0x00007ffb9c5c0000 - 0x00007ffb9cd54000 	C:\WINDOWS\SYSTEM32\windows.storage.dll
0x00007ffba00f0000 - 0x00007ffba0444000 	C:\WINDOWS\System32\combase.dll
0x00007ffb9e140000 - 0x00007ffb9e16c000 	C:\WINDOWS\SYSTEM32\Wldp.dll
0x00007ffba0f70000 - 0x00007ffba101d000 	C:\WINDOWS\System32\SHCORE.dll
0x00007ffb9f600000 - 0x00007ffb9f655000 	C:\WINDOWS\System32\shlwapi.dll
0x00007ffb9e6f0000 - 0x00007ffb9e70f000 	C:\WINDOWS\SYSTEM32\profapi.dll
0x00000000746b0000 - 0x00000000746ca000 	C:\Program Files\Java\jre1.8.0_162\jre\bin\net.dll
0x00007ffb9dea0000 - 0x00007ffb9df0a000 	C:\WINDOWS\system32\mswsock.dll
0x0000000074690000 - 0x00000000746a1000 	C:\Program Files\Java\jre1.8.0_162\jre\bin\nio.dll

VM Arguments:
jvm_args: -Dfile.encoding=UTF-8 
java_command: com.Main D:\rarify\loanscamapps
java_class_path (initial): C:\Program Files\Java\jre1.8.0_162\jre\lib\resources.jar;C:\Program Files\Java\jre1.8.0_162\jre\lib\rt.jar;C:\Program Files\Java\jre1.8.0_162\jre\lib\jsse.jar;C:\Program Files\Java\jre1.8.0_162\jre\lib\jce.jar;C:\Program Files\Java\jre1.8.0_162\jre\lib\charsets.jar;C:\Program Files\Java\jre1.8.0_162\jre\lib\jfr.jar;C:\Program Files\Java\jre1.8.0_162\jre\lib\ext\access-bridge-64.jar;C:\Program Files\Java\jre1.8.0_162\jre\lib\ext\cldrdata.jar;C:\Program Files\Java\jre1.8.0_162\jre\lib\ext\dnsns.jar;C:\Program Files\Java\jre1.8.0_162\jre\lib\ext\jaccess.jar;C:\Program Files\Java\jre1.8.0_162\jre\lib\ext\jfxrt.jar;C:\Program Files\Java\jre1.8.0_162\jre\lib\ext\localedata.jar;C:\Program Files\Java\jre1.8.0_162\jre\lib\ext\nashorn.jar;C:\Program Files\Java\jre1.8.0_162\jre\lib\ext\sunec.jar;C:\Program Files\Java\jre1.8.0_162\jre\lib\ext\sunjce_provider.jar;C:\Program Files\Java\jre1.8.0_162\jre\lib\ext\sunmscapi.jar;C:\Program Files\Java\jre1.8.0_162\jre\lib\ext\sunpkcs11.jar;C:\Program Files\Java\jre1.8.0_162\jre\lib\ext\zipfs.jar;D:\AquaLibraryProjects\Murax4\target\classes;C:\Users\Tejesh Varman\.m2\repository\commons-cli\commons-cli\1.4\commons-cli-1.4.jar;C:\Users\Tejesh Varman\.m2\repository\info\picocli\picocli\4.6.1\picocli-4.6.1.jar;C:\Users\Tejesh Varman\.m2\repository\com\fasterxml\jackson\core\jackson-databind\2.5.3\jackson-databind-2.5.3.jar;C:\Users\Tejesh Varman\.m2\repository\com\fasterxml\jackson\core\jackson-annotations\2.5.0\jackson-annotations-2.5.0.jar;C:\Users\Tejesh Varman\.m2\repository\com\fasterxml\jackson\core\jackson-core\2.5.3\jackson-core-2.5.3.jar;C:\Users\Tejesh Varman\.m2\repository\org\antlr\antlr4-runtime\4.9.2\antlr4-runtime-4.9.2.jar;C:\Users\Tejesh Varman\.m2\repository\net\lingala\zip4j\zip4j\2.9.1\zip4j-2.9.1.jar;C:\Users\Tejesh Varman\.m2\repository\commons-io\commons-io\2.11.0\commons-io-2.11.0.jar;C:\Users\Tejesh Varman\.m2\repository\org\apache\poi\poi-ooxml\5.0.0\poi-ooxml-5.0.0.jar;C:\Users\Tejesh 
Launcher Type: SUN_STANDARD

Environment Variables:
JAVA_HOME=C:\Program Files\Java\jdk-15.0.1
USERNAME=Tejesh Varman
OS=Windows_NT
PROCESSOR_IDENTIFIER=Intel64 Family 6 Model 142 Stepping 9, GenuineIntel



---------------  S Y S T E M  ---------------

OS: Windows 10.0 , 64 bit Build 19041 (10.0.19041.1741)

CPU:total 4 (initial active 4) (2 cores per cpu, 2 threads per core) family 6 model 142 stepping 9, cmov, cx8, fxsr, mmx, sse, sse2, sse3, ssse3, sse4.1, sse4.2, popcnt, avx, avx2, aes, clmul, erms, 3dnowpref, lzcnt, ht, tsc, tscinvbit, bmi1, bmi2, adx

Memory: 4k page, physical 16640396k(2875920k free), swap 29787140k(6484k free)

vm_info: Java HotSpot(TM) 64-Bit Server VM (25.191-b12) for windows-amd64 JRE (1.8.0_191-b12), built on Oct  6 2018 09:29:03 by "java_re" with MS VC++ 10.0 (VS2010)

time: Fri Jul 15 09:47:53 2022
elapsed time: 20 seconds (0d 0h 0m 20s)

